# JRE version: Java(TM) SE Runtime Environment (21.0.6+8) (build 21.0.6+8-LTS-188)
# Java VM: Java HotSpot(TM) 64-Bit Server VM (21.0.6+8-LTS-188, mixed mode, sharing, tiered, compressed oops, compressed class ptrs, g1 gc, windows-amd64)
GC Precious Log:
 CardTable entry size: 512
 Card Set container configuration: InlinePtr #cards 5 size 8 Array Of Cards #cards 12 size 40 Howl #buckets 4 coarsen threshold 1843 Howl Bitmap #cards 512 size 80 coarsen threshold 460 Card regions per heap region 1 cards per card region 2048
 CPUs: 4 total, 4 available
 Memory: 3460M
 Large Page Support: Disabled
 NUMA Support: Disabled
 Compressed Oops: Enabled (32-bit)
 Heap Region Size: 1M
 Heap Min Capacity: 8M
 Heap Initial Capacity: 56M
 Heap Max Capacity: 866M
 Pre-touch: Disabled
 Parallel Workers: 4
 Concurrent Workers: 1
 Concurrent Refinement Workers: 4
 Periodic GC: Disabled
Heap:
 garbage-first heap   total 57344K, used 29531K [0x00000000c9e00000, 0x0000000100000000)
  region size 1024K, 5 young (5120K), 3 survivors (3072K)
 Metaspace       used 38492K, committed 38976K, reserved 1114112K
  class space    used 4939K, committed 5184K, reserved 1048576K
GC Heap History (20 events):
Event: 12.714 GC heap before
{Heap before GC invocations=3 (full 0):
 garbage-first heap   total 57344K, used 42621K [0x00000000c9e00000, 0x0000000100000000)
  region size 1024K, 31 young (31744K), 3 survivors (3072K)
 Metaspace       used 15718K, committed 16064K, reserved 1114112K
  class space    used 1935K, committed 2112K, reserved 1048576K
}
Event: 12.733 GC heap after
{Heap after GC invocations=4 (full 0):
 garbage-first heap   total 57344K, used 15599K [0x00000000c9e00000, 0x0000000100000000)
  region size 1024K, 4 young (4096K), 4 survivors (4096K)
 Metaspace       used 15718K, committed 16064K, reserved 1114112K
  class space    used 1935K, committed 2112K, reserved 1048576K
}
Event: 17.269 GC heap before
{Heap before GC invocations=4 (full 0):
 garbage-first heap   total 57344K, used 39151K [0x00000000c9e00000, 0x0000000100000000)
  region size 1024K, 28 young (28672K), 4 survivors (4096K)
 Metaspace       used 21035K, committed 21376K, reserved 1114112K
  class space    used 2764K, committed 2944K, reserved 1048576K
}
Event: 17.280 GC heap after
{Heap after GC invocations=5 (full 0):
 garbage-first heap   total 57344K, used 17913K [0x00000000c9e00000, 0x0000000100000000)
  region size 1024K, 2 young (2048K), 2 survivors (2048K)
 Metaspace       used 21035K, committed 21376K, reserved 1114112K
  class space    used 2764K, committed 2944K, reserved 1048576K
}
Event: 17.523 GC heap before
{Heap before GC invocations=5 (full 0):
 garbage-first heap   total 57344K, used 18937K [0x00000000c9e00000, 0x0000000100000000)
  region size 1024K, 4 young (4096K), 2 survivors (2048K)
 Metaspace       used 21210K, committed 21504K, reserved 1114112K
  class space    used 2779K, committed 2944K, reserved 1048576K
}
Event: 17.528 GC heap after
{Heap after GC invocations=6 (full 0):
 garbage-first heap   total 57344K, used 18045K [0x00000000c9e00000, 0x0000000100000000)
  region size 1024K, 2 young (2048K), 2 survivors (2048K)
 Metaspace       used 21210K, committed 21504K, reserved 1114112K
  class space    used 2779K, committed 2944K, reserved 1048576K
}
Event: 21.353 GC heap before
{Heap before GC invocations=7 (full 0):
 garbage-first heap   total 57344K, used 40573K [0x00000000c9e00000, 0x0000000100000000)
  region size 1024K, 25 young (25600K), 2 survivors (2048K)
 Metaspace       used 25521K, committed 25856K, reserved 1114112K
  class space    used 3235K, committed 3392K, reserved 1048576K
}
Event: 21.359 GC heap after
{Heap after GC invocations=8 (full 0):
 garbage-first heap   total 57344K, used 19844K [0x00000000c9e00000, 0x0000000100000000)
  region size 1024K, 4 young (4096K), 4 survivors (4096K)
 Metaspace       used 25521K, committed 25856K, reserved 1114112K
  class space    used 3235K, committed 3392K, reserved 1048576K
}
Event: 25.886 GC heap before
{Heap before GC invocations=8 (full 0):
 garbage-first heap   total 57344K, used 43396K [0x00000000c9e00000, 0x0000000100000000)
  region size 1024K, 27 young (27648K), 4 survivors (4096K)
 Metaspace       used 28478K, committed 28928K, reserved 1114112K
  class space    used 3627K, committed 3840K, reserved 1048576K
}
Event: 25.904 GC heap after
{Heap after GC invocations=9 (full 0):
 garbage-first heap   total 57344K, used 21696K [0x00000000c9e00000, 0x0000000100000000)
  region size 1024K, 4 young (4096K), 4 survivors (4096K)
 Metaspace       used 28478K, committed 28928K, reserved 1114112K
  class space    used 3627K, committed 3840K, reserved 1048576K
}
Event: 34.415 GC heap before
{Heap before GC invocations=9 (full 0):
 garbage-first heap   total 57344K, used 45248K [0x00000000c9e00000, 0x0000000100000000)
  region size 1024K, 27 young (27648K), 4 survivors (4096K)
 Metaspace       used 30454K, committed 30848K, reserved 1114112K
  class space    used 3882K, committed 4096K, reserved 1048576K
}
Event: 34.433 GC heap after
{Heap after GC invocations=10 (full 0):
 garbage-first heap   total 57344K, used 23552K [0x00000000c9e00000, 0x0000000100000000)
  region size 1024K, 2 young (2048K), 2 survivors (2048K)
 Metaspace       used 30454K, committed 30848K, reserved 1114112K
  class space    used 3882K, committed 4096K, reserved 1048576K
}
Event: 40.466 GC heap before
{Heap before GC invocations=10 (full 0):
 garbage-first heap   total 57344K, used 47104K [0x00000000c9e00000, 0x0000000100000000)
  region size 1024K, 25 young (25600K), 2 survivors (2048K)
 Metaspace       used 32737K, committed 33152K, reserved 1114112K
  class space    used 4188K, committed 4416K, reserved 1048576K
}
Event: 40.482 GC heap after
{Heap after GC invocations=11 (full 0):
 garbage-first heap   total 57344K, used 25600K [0x00000000c9e00000, 0x0000000100000000)
  region size 1024K, 4 young (4096K), 4 survivors (4096K)
 Metaspace       used 32737K, committed 33152K, reserved 1114112K
  class space    used 4188K, committed 4416K, reserved 1048576K
}
Event: 45.528 GC heap before
{Heap before GC invocations=11 (full 0):
 garbage-first heap   total 57344K, used 48128K [0x00000000c9e00000, 0x0000000100000000)
  region size 1024K, 26 young (26624K), 4 survivors (4096K)
 Metaspace       used 34934K, committed 35456K, reserved 1114112K
  class space    used 4427K, committed 4672K, reserved 1048576K
}
Event: 45.787 GC heap after
{Heap after GC invocations=12 (full 0):
 garbage-first heap   total 57344K, used 26280K [0x00000000c9e00000, 0x0000000100000000)
  region size 1024K, 3 young (3072K), 3 survivors (3072K)
 Metaspace       used 34934K, committed 35456K, reserved 1114112K
  class space    used 4427K, committed 4672K, reserved 1048576K
}
Event: 48.024 GC heap before
{Heap before GC invocations=12 (full 0):
 garbage-first heap   total 57344K, used 29352K [0x00000000c9e00000, 0x0000000100000000)
  region size 1024K, 7 young (7168K), 3 survivors (3072K)
 Metaspace       used 35515K, committed 35968K, reserved 1114112K
  class space    used 4521K, committed 4736K, reserved 1048576K
}
Event: 48.042 GC heap after
{Heap after GC invocations=13 (full 0):
 garbage-first heap   total 57344K, used 26919K [0x00000000c9e00000, 0x0000000100000000)
  region size 1024K, 2 young (2048K), 2 survivors (2048K)
 Metaspace       used 35515K, committed 35968K, reserved 1114112K
  class space    used 4521K, committed 4736K, reserved 1048576K
}
Event: 60.755 GC heap before
{Heap before GC invocations=14 (full 0):
 garbage-first heap   total 57344K, used 49447K [0x00000000c9e00000, 0x0000000100000000)
  region size 1024K, 24 young (24576K), 2 survivors (2048K)
 Metaspace       used 38255K, committed 38784K, reserved 1114112K
  class space    used 4912K, committed 5184K, reserved 1048576K
}
Event: 60.801 GC heap after
{Heap after GC invocations=15 (full 0):
 garbage-first heap   total 57344K, used 28507K [0x00000000c9e00000, 0x0000000100000000)
  region size 1024K, 3 young (3072K), 3 survivors (3072K)
 Metaspace       used 38255K, committed 38784K, reserved 1114112K
  class space    used 4912K, committed 5184K, reserved 1048576K
}

