# JRE version: Java(TM) SE Runtime Environment (21.0.6+8) (build 21.0.6+8-LTS-188)
# Java VM: Java HotSpot(TM) 64-Bit Server VM (21.0.6+8-LTS-188, mixed mode, sharing, tiered, compressed oops, compressed class ptrs, g1 gc, windows-amd64)
GC Precious Log:
 CardTable entry size: 512
 Card Set container configuration: InlinePtr #cards 5 size 8 Array Of Cards #cards 12 size 40 Howl #buckets 4 coarsen threshold 1843 Howl Bitmap #cards 512 size 80 coarsen threshold 460 Card regions per heap region 1 cards per card region 2048
 CPUs: 4 total, 4 available
 Memory: 3460M
 Large Page Support: Disabled
 NUMA Support: Disabled
 Compressed Oops: Enabled (32-bit)
 Heap Region Size: 1M
 Heap Min Capacity: 8M
 Heap Initial Capacity: 56M
 Heap Max Capacity: 866M
 Pre-touch: Disabled
 Parallel Workers: 4
 Concurrent Workers: 1
 Concurrent Refinement Workers: 4
 Periodic GC: Disabled
Heap:
 garbage-first heap   total 55296K, used 29072K [0x00000000c9e00000, 0x0000000100000000)
  region size 1024K, 7 young (7168K), 1 survivors (1024K)
 Metaspace       used 25950K, committed 26240K, reserved 1114112K
  class space    used 2800K, committed 2944K, reserved 1048576K
GC Heap History (20 events):
Event: 40.819 GC heap before
{Heap before GC invocations=19 (full 0):
 garbage-first heap   total 43008K, used 34466K [0x00000000c9e00000, 0x0000000100000000)
  region size 1024K, 13 young (13312K), 2 survivors (2048K)
 Metaspace       used 25505K, committed 25792K, reserved 1114112K
  class space    used 2786K, committed 2944K, reserved 1048576K
}
Event: 40.824 GC heap after
{Heap after GC invocations=20 (full 0):
 garbage-first heap   total 43008K, used 24309K [0x00000000c9e00000, 0x0000000100000000)
  region size 1024K, 2 young (2048K), 2 survivors (2048K)
 Metaspace       used 25505K, committed 25792K, reserved 1114112K
  class space    used 2786K, committed 2944K, reserved 1048576K
}
Event: 41.295 GC heap before
{Heap before GC invocations=20 (full 0):
 garbage-first heap   total 43008K, used 36597K [0x00000000c9e00000, 0x0000000100000000)
  region size 1024K, 14 young (14336K), 2 survivors (2048K)
 Metaspace       used 25529K, committed 25856K, reserved 1114112K
  class space    used 2786K, committed 2944K, reserved 1048576K
}
Event: 41.302 GC heap after
{Heap after GC invocations=21 (full 0):
 garbage-first heap   total 43008K, used 24275K [0x00000000c9e00000, 0x0000000100000000)
  region size 1024K, 1 young (1024K), 1 survivors (1024K)
 Metaspace       used 25529K, committed 25856K, reserved 1114112K
  class space    used 2786K, committed 2944K, reserved 1048576K
}
Event: 43.134 GC heap before
{Heap before GC invocations=21 (full 0):
 garbage-first heap   total 43008K, used 37587K [0x00000000c9e00000, 0x0000000100000000)
  region size 1024K, 14 young (14336K), 1 survivors (1024K)
 Metaspace       used 25601K, committed 25920K, reserved 1114112K
  class space    used 2786K, committed 2944K, reserved 1048576K
}
Event: 43.136 GC heap after
{Heap after GC invocations=22 (full 0):
 garbage-first heap   total 43008K, used 24318K [0x00000000c9e00000, 0x0000000100000000)
  region size 1024K, 1 young (1024K), 1 survivors (1024K)
 Metaspace       used 25601K, committed 25920K, reserved 1114112K
  class space    used 2786K, committed 2944K, reserved 1048576K
}
Event: 52.438 GC heap before
{Heap before GC invocations=23 (full 0):
 garbage-first heap   total 45056K, used 37630K [0x00000000c9e00000, 0x0000000100000000)
  region size 1024K, 14 young (14336K), 1 survivors (1024K)
 Metaspace       used 25769K, committed 26048K, reserved 1114112K
  class space    used 2799K, committed 2944K, reserved 1048576K
}
Event: 52.450 GC heap after
{Heap after GC invocations=24 (full 0):
 garbage-first heap   total 45056K, used 24716K [0x00000000c9e00000, 0x0000000100000000)
  region size 1024K, 1 young (1024K), 1 survivors (1024K)
 Metaspace       used 25769K, committed 26048K, reserved 1114112K
  class space    used 2799K, committed 2944K, reserved 1048576K
}
Event: 57.170 GC heap before
{Heap before GC invocations=24 (full 0):
 garbage-first heap   total 45056K, used 39052K [0x00000000c9e00000, 0x0000000100000000)
  region size 1024K, 16 young (16384K), 1 survivors (1024K)
 Metaspace       used 25872K, committed 26176K, reserved 1114112K
  class space    used 2800K, committed 2944K, reserved 1048576K
}
Event: 57.318 GC heap after
{Heap after GC invocations=25 (full 0):
 garbage-first heap   total 45056K, used 25198K [0x00000000c9e00000, 0x0000000100000000)
  region size 1024K, 2 young (2048K), 2 survivors (2048K)
 Metaspace       used 25872K, committed 26176K, reserved 1114112K
  class space    used 2800K, committed 2944K, reserved 1048576K
}
Event: 65.649 GC heap before
{Heap before GC invocations=25 (full 0):
 garbage-first heap   total 45056K, used 38510K [0x00000000c9e00000, 0x0000000100000000)
  region size 1024K, 16 young (16384K), 2 survivors (2048K)
 Metaspace       used 25901K, committed 26176K, reserved 1114112K
  class space    used 2800K, committed 2944K, reserved 1048576K
}
Event: 65.666 GC heap after
{Heap after GC invocations=26 (full 0):
 garbage-first heap   total 45056K, used 25325K [0x00000000c9e00000, 0x0000000100000000)
  region size 1024K, 2 young (2048K), 2 survivors (2048K)
 Metaspace       used 25901K, committed 26176K, reserved 1114112K
  class space    used 2800K, committed 2944K, reserved 1048576K
}
Event: 74.479 GC heap before
{Heap before GC invocations=27 (full 0):
 garbage-first heap   total 46080K, used 37613K [0x00000000c9e00000, 0x0000000100000000)
  region size 1024K, 15 young (15360K), 2 survivors (2048K)
 Metaspace       used 25901K, committed 26176K, reserved 1114112K
  class space    used 2800K, committed 2944K, reserved 1048576K
}
Event: 74.494 GC heap after
{Heap after GC invocations=28 (full 0):
 garbage-first heap   total 55296K, used 25195K [0x00000000c9e00000, 0x0000000100000000)
  region size 1024K, 1 young (1024K), 1 survivors (1024K)
 Metaspace       used 25901K, committed 26176K, reserved 1114112K
  class space    used 2800K, committed 2944K, reserved 1048576K
}
Event: 82.764 GC heap before
{Heap before GC invocations=28 (full 0):
 garbage-first heap   total 55296K, used 48747K [0x00000000c9e00000, 0x0000000100000000)
  region size 1024K, 25 young (25600K), 1 survivors (1024K)
 Metaspace       used 25921K, committed 26240K, reserved 1114112K
  class space    used 2800K, committed 2944K, reserved 1048576K
}
Event: 82.774 GC heap after
{Heap after GC invocations=29 (full 0):
 garbage-first heap   total 55296K, used 25118K [0x00000000c9e00000, 0x0000000100000000)
  region size 1024K, 2 young (2048K), 2 survivors (2048K)
 Metaspace       used 25921K, committed 26240K, reserved 1114112K
  class space    used 2800K, committed 2944K, reserved 1048576K
}
Event: 92.984 GC heap before
{Heap before GC invocations=29 (full 0):
 garbage-first heap   total 55296K, used 46622K [0x00000000c9e00000, 0x0000000100000000)
  region size 1024K, 24 young (24576K), 2 survivors (2048K)
 Metaspace       used 25927K, committed 26240K, reserved 1114112K
  class space    used 2800K, committed 2944K, reserved 1048576K
}
Event: 92.995 GC heap after
{Heap after GC invocations=30 (full 0):
 garbage-first heap   total 55296K, used 25127K [0x00000000c9e00000, 0x0000000100000000)
  region size 1024K, 2 young (2048K), 2 survivors (2048K)
 Metaspace       used 25927K, committed 26240K, reserved 1114112K
  class space    used 2800K, committed 2944K, reserved 1048576K
}
Event: 109.250 GC heap before
{Heap before GC invocations=31 (full 0):
 garbage-first heap   total 55296K, used 46631K [0x00000000c9e00000, 0x0000000100000000)
  region size 1024K, 24 young (24576K), 2 survivors (2048K)
 Metaspace       used 25949K, committed 26240K, reserved 1114112K
  class space    used 2800K, committed 2944K, reserved 1048576K
}
Event: 109.275 GC heap after
{Heap after GC invocations=32 (full 0):
 garbage-first heap   total 55296K, used 24976K [0x00000000c9e00000, 0x0000000100000000)
  region size 1024K, 1 young (1024K), 1 survivors (1024K)
 Metaspace       used 25949K, committed 26240K, reserved 1114112K
  class space    used 2800K, committed 2944K, reserved 1048576K
}

