# JRE version: OpenJDK Runtime Environment Temurin-21.0.5+11 (21.0.5+11) (build 21.0.5+11-LTS)
# Java VM: OpenJDK 64-Bit Server VM Temurin-21.0.5+11 (21.0.5+11-LTS, mixed mode, sharing, tiered, compressed oops, compressed class ptrs, parallel gc, windows-amd64)
GC Precious Log:
 CardTable entry size: 512
 CPUs: 4 total, 4 available
 Memory: 3460M
 Large Page Support: Disabled
 NUMA Support: Disabled
 Compressed Oops: Enabled (32-bit)
 Alignments: Space 512K, Generation 512K, Heap 2M
 Heap Min Capacity: 100M
 Heap Initial Capacity: 100M
 Heap Max Capacity: 1G
 Pre-touch: Disabled
 Parallel Workers: 4
Heap:
 PSYoungGen      total 14848K, used 2282K [0x00000000eab00000, 0x00000000eba80000, 0x0000000100000000)
  eden space 13824K, 9% used [0x00000000eab00000,0x00000000eac42b10,0x00000000eb880000)
  from space 1024K, 96% used [0x00000000eb980000,0x00000000eba78010,0x00000000eba80000)
  to   space 512K, 0% used [0x00000000eb900000,0x00000000eb900000,0x00000000eb980000)
 ParOldGen       total 91136K, used 67455K [0x00000000c0000000, 0x00000000c5900000, 0x00000000eab00000)
  object space 91136K, 74% used [0x00000000c0000000,0x00000000c41dfe20,0x00000000c5900000)
 Metaspace       used 70016K, committed 71424K, reserved 1114112K
  class space    used 7306K, committed 7936K, reserved 1048576K
GC Heap History (20 events):
Event: 76.079 GC heap before
{Heap before GC invocations=71 (full 3):
 PSYoungGen      total 15360K, used 15168K [0x00000000eab00000, 0x00000000ebc00000, 0x0000000100000000)
  eden space 14848K, 100% used [0x00000000eab00000,0x00000000eb980000,0x00000000eb980000)
  from space 512K, 62% used [0x00000000eb980000,0x00000000eb9d0000,0x00000000eba00000)
  to   space 1024K, 0% used [0x00000000ebb00000,0x00000000ebb00000,0x00000000ebc00000)
 ParOldGen       total 80896K, used 80475K [0x00000000c0000000, 0x00000000c4f00000, 0x00000000eab00000)
  object space 80896K, 99% used [0x00000000c0000000,0x00000000c4e96d68,0x00000000c4f00000)
 Metaspace       used 69060K, committed 70464K, reserved 1114112K
  class space    used 7194K, committed 7808K, reserved 1048576K
}
Event: 76.081 GC heap after
{Heap after GC invocations=71 (full 3):
 PSYoungGen      total 15360K, used 320K [0x00000000eab00000, 0x00000000ebb80000, 0x0000000100000000)
  eden space 14848K, 0% used [0x00000000eab00000,0x00000000eab00000,0x00000000eb980000)
  from space 512K, 62% used [0x00000000ebb00000,0x00000000ebb50000,0x00000000ebb80000)
  to   space 512K, 0% used [0x00000000eb980000,0x00000000eb980000,0x00000000eba00000)
 ParOldGen       total 80896K, used 80787K [0x00000000c0000000, 0x00000000c4f00000, 0x00000000eab00000)
  object space 80896K, 99% used [0x00000000c0000000,0x00000000c4ee4d68,0x00000000c4f00000)
 Metaspace       used 69060K, committed 70464K, reserved 1114112K
  class space    used 7194K, committed 7808K, reserved 1048576K
}
Event: 76.138 GC heap before
{Heap before GC invocations=72 (full 3):
 PSYoungGen      total 15360K, used 15168K [0x00000000eab00000, 0x00000000ebb80000, 0x0000000100000000)
  eden space 14848K, 100% used [0x00000000eab00000,0x00000000eb980000,0x00000000eb980000)
  from space 512K, 62% used [0x00000000ebb00000,0x00000000ebb50000,0x00000000ebb80000)
  to   space 512K, 0% used [0x00000000eb980000,0x00000000eb980000,0x00000000eba00000)
 ParOldGen       total 80896K, used 80787K [0x00000000c0000000, 0x00000000c4f00000, 0x00000000eab00000)
  object space 80896K, 99% used [0x00000000c0000000,0x00000000c4ee4d68,0x00000000c4f00000)
 Metaspace       used 69060K, committed 70464K, reserved 1114112K
  class space    used 7194K, committed 7808K, reserved 1048576K
}
Event: 76.139 GC heap after
{Heap after GC invocations=72 (full 3):
 PSYoungGen      total 15360K, used 320K [0x00000000eab00000, 0x00000000ebb80000, 0x0000000100000000)
  eden space 14848K, 0% used [0x00000000eab00000,0x00000000eab00000,0x00000000eb980000)
  from space 512K, 62% used [0x00000000eb980000,0x00000000eb9d0000,0x00000000eba00000)
  to   space 512K, 0% used [0x00000000ebb00000,0x00000000ebb00000,0x00000000ebb80000)
 ParOldGen       total 81408K, used 81072K [0x00000000c0000000, 0x00000000c4f80000, 0x00000000eab00000)
  object space 81408K, 99% used [0x00000000c0000000,0x00000000c4f2c0c0,0x00000000c4f80000)
 Metaspace       used 69060K, committed 70464K, reserved 1114112K
  class space    used 7194K, committed 7808K, reserved 1048576K
}
Event: 76.341 GC heap before
{Heap before GC invocations=73 (full 3):
 PSYoungGen      total 15360K, used 15168K [0x00000000eab00000, 0x00000000ebb80000, 0x0000000100000000)
  eden space 14848K, 100% used [0x00000000eab00000,0x00000000eb980000,0x00000000eb980000)
  from space 512K, 62% used [0x00000000eb980000,0x00000000eb9d0000,0x00000000eba00000)
  to   space 512K, 0% used [0x00000000ebb00000,0x00000000ebb00000,0x00000000ebb80000)
 ParOldGen       total 81408K, used 81072K [0x00000000c0000000, 0x00000000c4f80000, 0x00000000eab00000)
  object space 81408K, 99% used [0x00000000c0000000,0x00000000c4f2c0c0,0x00000000c4f80000)
 Metaspace       used 69060K, committed 70464K, reserved 1114112K
  class space    used 7194K, committed 7808K, reserved 1048576K
}
Event: 76.348 GC heap after
{Heap after GC invocations=73 (full 3):
 PSYoungGen      total 15360K, used 482K [0x00000000eab00000, 0x00000000ebc80000, 0x0000000100000000)
  eden space 14848K, 0% used [0x00000000eab00000,0x00000000eab00000,0x00000000eb980000)
  from space 512K, 94% used [0x00000000ebb00000,0x00000000ebb78b48,0x00000000ebb80000)
  to   space 1536K, 0% used [0x00000000eb980000,0x00000000eb980000,0x00000000ebb00000)
 ParOldGen       total 81920K, used 81884K [0x00000000c0000000, 0x00000000c5000000, 0x00000000eab00000)
  object space 81920K, 99% used [0x00000000c0000000,0x00000000c4ff70e0,0x00000000c5000000)
 Metaspace       used 69060K, committed 70464K, reserved 1114112K
  class space    used 7194K, committed 7808K, reserved 1048576K
}
Event: 76.989 GC heap before
{Heap before GC invocations=74 (full 3):
 PSYoungGen      total 15360K, used 15330K [0x00000000eab00000, 0x00000000ebc80000, 0x0000000100000000)
  eden space 14848K, 100% used [0x00000000eab00000,0x00000000eb980000,0x00000000eb980000)
  from space 512K, 94% used [0x00000000ebb00000,0x00000000ebb78b48,0x00000000ebb80000)
  to   space 1536K, 0% used [0x00000000eb980000,0x00000000eb980000,0x00000000ebb00000)
 ParOldGen       total 81920K, used 81884K [0x00000000c0000000, 0x00000000c5000000, 0x00000000eab00000)
  object space 81920K, 99% used [0x00000000c0000000,0x00000000c4ff70e0,0x00000000c5000000)
 Metaspace       used 69066K, committed 70464K, reserved 1114112K
  class space    used 7194K, committed 7808K, reserved 1048576K
}
Event: 76.993 GC heap after
{Heap after GC invocations=74 (full 3):
 PSYoungGen      total 15872K, used 744K [0x00000000eab00000, 0x00000000ebb80000, 0x0000000100000000)
  eden space 14848K, 0% used [0x00000000eab00000,0x00000000eab00000,0x00000000eb980000)
  from space 1024K, 72% used [0x00000000eb980000,0x00000000eba3a150,0x00000000eba80000)
  to   space 1024K, 0% used [0x00000000eba80000,0x00000000eba80000,0x00000000ebb80000)
 ParOldGen       total 82432K, used 82339K [0x00000000c0000000, 0x00000000c5080000, 0x00000000eab00000)
  object space 82432K, 99% used [0x00000000c0000000,0x00000000c5068fb8,0x00000000c5080000)
 Metaspace       used 69066K, committed 70464K, reserved 1114112K
  class space    used 7194K, committed 7808K, reserved 1048576K
}
Event: 77.125 GC heap before
{Heap before GC invocations=75 (full 3):
 PSYoungGen      total 15872K, used 15592K [0x00000000eab00000, 0x00000000ebb80000, 0x0000000100000000)
  eden space 14848K, 100% used [0x00000000eab00000,0x00000000eb980000,0x00000000eb980000)
  from space 1024K, 72% used [0x00000000eb980000,0x00000000eba3a150,0x00000000eba80000)
  to   space 1024K, 0% used [0x00000000eba80000,0x00000000eba80000,0x00000000ebb80000)
 ParOldGen       total 82432K, used 82339K [0x00000000c0000000, 0x00000000c5080000, 0x00000000eab00000)
  object space 82432K, 99% used [0x00000000c0000000,0x00000000c5068fb8,0x00000000c5080000)
 Metaspace       used 69068K, committed 70464K, reserved 1114112K
  class space    used 7194K, committed 7808K, reserved 1048576K
}
Event: 77.127 GC heap after
{Heap after GC invocations=75 (full 3):
 PSYoungGen      total 14848K, used 999K [0x00000000eab00000, 0x00000000ebd80000, 0x0000000100000000)
  eden space 13824K, 0% used [0x00000000eab00000,0x00000000eab00000,0x00000000eb880000)
  from space 1024K, 97% used [0x00000000eba80000,0x00000000ebb79f28,0x00000000ebb80000)
  to   space 2048K, 0% used [0x00000000eb880000,0x00000000eb880000,0x00000000eba80000)
 ParOldGen       total 83456K, used 83058K [0x00000000c0000000, 0x00000000c5180000, 0x00000000eab00000)
  object space 83456K, 99% used [0x00000000c0000000,0x00000000c511c8b0,0x00000000c5180000)
 Metaspace       used 69068K, committed 70464K, reserved 1114112K
  class space    used 7194K, committed 7808K, reserved 1048576K
}
Event: 77.259 GC heap before
{Heap before GC invocations=76 (full 3):
 PSYoungGen      total 14848K, used 14823K [0x00000000eab00000, 0x00000000ebd80000, 0x0000000100000000)
  eden space 13824K, 100% used [0x00000000eab00000,0x00000000eb880000,0x00000000eb880000)
  from space 1024K, 97% used [0x00000000eba80000,0x00000000ebb79f28,0x00000000ebb80000)
  to   space 2048K, 0% used [0x00000000eb880000,0x00000000eb880000,0x00000000eba80000)
 ParOldGen       total 83456K, used 83058K [0x00000000c0000000, 0x00000000c5180000, 0x00000000eab00000)
  object space 83456K, 99% used [0x00000000c0000000,0x00000000c511c8b0,0x00000000c5180000)
 Metaspace       used 69068K, committed 70464K, reserved 1114112K
  class space    used 7194K, committed 7808K, reserved 1048576K
}
Event: 77.261 GC heap after
{Heap after GC invocations=76 (full 3):
 PSYoungGen      total 14336K, used 288K [0x00000000eab00000, 0x00000000ebb00000, 0x0000000100000000)
  eden space 13824K, 0% used [0x00000000eab00000,0x00000000eab00000,0x00000000eb880000)
  from space 512K, 56% used [0x00000000eb880000,0x00000000eb8c8000,0x00000000eb900000)
  to   space 1024K, 0% used [0x00000000eba00000,0x00000000eba00000,0x00000000ebb00000)
 ParOldGen       total 84480K, used 84070K [0x00000000c0000000, 0x00000000c5280000, 0x00000000eab00000)
  object space 84480K, 99% used [0x00000000c0000000,0x00000000c5219bb8,0x00000000c5280000)
 Metaspace       used 69068K, committed 70464K, reserved 1114112K
  class space    used 7194K, committed 7808K, reserved 1048576K
}
Event: 88.723 GC heap before
{Heap before GC invocations=77 (full 3):
 PSYoungGen      total 14336K, used 14102K [0x00000000eab00000, 0x00000000ebb00000, 0x0000000100000000)
  eden space 13824K, 99% used [0x00000000eab00000,0x00000000eb87dbf0,0x00000000eb880000)
  from space 512K, 56% used [0x00000000eb880000,0x00000000eb8c8000,0x00000000eb900000)
  to   space 1024K, 0% used [0x00000000eba00000,0x00000000eba00000,0x00000000ebb00000)
 ParOldGen       total 84480K, used 84070K [0x00000000c0000000, 0x00000000c5280000, 0x00000000eab00000)
  object space 84480K, 99% used [0x00000000c0000000,0x00000000c5219bb8,0x00000000c5280000)
 Metaspace       used 69200K, committed 70592K, reserved 1114112K
  class space    used 7206K, committed 7808K, reserved 1048576K
}
Event: 88.740 GC heap after
{Heap after GC invocations=77 (full 3):
 PSYoungGen      total 14848K, used 844K [0x00000000eab00000, 0x00000000ebb00000, 0x0000000100000000)
  eden space 13824K, 0% used [0x00000000eab00000,0x00000000eab00000,0x00000000eb880000)
  from space 1024K, 82% used [0x00000000eba00000,0x00000000ebad3270,0x00000000ebb00000)
  to   space 1024K, 0% used [0x00000000eb900000,0x00000000eb900000,0x00000000eba00000)
 ParOldGen       total 84480K, used 84294K [0x00000000c0000000, 0x00000000c5280000, 0x00000000eab00000)
  object space 84480K, 99% used [0x00000000c0000000,0x00000000c52518b8,0x00000000c5280000)
 Metaspace       used 69200K, committed 70592K, reserved 1114112K
  class space    used 7206K, committed 7808K, reserved 1048576K
}
Event: 96.443 GC heap before
{Heap before GC invocations=78 (full 3):
 PSYoungGen      total 14848K, used 14668K [0x00000000eab00000, 0x00000000ebb00000, 0x0000000100000000)
  eden space 13824K, 100% used [0x00000000eab00000,0x00000000eb880000,0x00000000eb880000)
  from space 1024K, 82% used [0x00000000eba00000,0x00000000ebad3270,0x00000000ebb00000)
  to   space 1024K, 0% used [0x00000000eb900000,0x00000000eb900000,0x00000000eba00000)
 ParOldGen       total 84480K, used 84294K [0x00000000c0000000, 0x00000000c5280000, 0x00000000eab00000)
  object space 84480K, 99% used [0x00000000c0000000,0x00000000c52518b8,0x00000000c5280000)
 Metaspace       used 69957K, committed 71424K, reserved 1114112K
  class space    used 7304K, committed 7936K, reserved 1048576K
}
Event: 96.464 GC heap after
{Heap after GC invocations=78 (full 3):
 PSYoungGen      total 14848K, used 14668K [0x00000000eab00000, 0x00000000ebb00000, 0x0000000100000000)
  eden space 13824K, 100% used [0x00000000eab00000,0x00000000eb880000,0x00000000eb880000)
  from space 1024K, 82% used [0x00000000eba00000,0x00000000ebad3270,0x00000000ebb00000)
  to   space 1024K, 98% used [0x00000000eb900000,0x00000000eb9fb2b0,0x00000000eba00000)
 ParOldGen       total 84992K, used 84988K [0x00000000c0000000, 0x00000000c5300000, 0x00000000eab00000)
  object space 84992K, 99% used [0x00000000c0000000,0x00000000c52ff2b8,0x00000000c5300000)
 Metaspace       used 69957K, committed 71424K, reserved 1114112K
  class space    used 7304K, committed 7936K, reserved 1048576K
}
Event: 96.464 GC heap before
{Heap before GC invocations=79 (full 4):
 PSYoungGen      total 14848K, used 14668K [0x00000000eab00000, 0x00000000ebb00000, 0x0000000100000000)
  eden space 13824K, 100% used [0x00000000eab00000,0x00000000eb880000,0x00000000eb880000)
  from space 1024K, 82% used [0x00000000eba00000,0x00000000ebad3270,0x00000000ebb00000)
  to   space 1024K, 98% used [0x00000000eb900000,0x00000000eb9fb2b0,0x00000000eba00000)
 ParOldGen       total 84992K, used 84988K [0x00000000c0000000, 0x00000000c5300000, 0x00000000eab00000)
  object space 84992K, 99% used [0x00000000c0000000,0x00000000c52ff2b8,0x00000000c5300000)
 Metaspace       used 69957K, committed 71424K, reserved 1114112K
  class space    used 7304K, committed 7936K, reserved 1048576K
}
Event: 99.039 GC heap after
{Heap after GC invocations=79 (full 4):
 PSYoungGen      total 14336K, used 0K [0x00000000eab00000, 0x00000000eba80000, 0x0000000100000000)
  eden space 13824K, 0% used [0x00000000eab00000,0x00000000eab00000,0x00000000eb880000)
  from space 512K, 0% used [0x00000000eb900000,0x00000000eb900000,0x00000000eb980000)
  to   space 1024K, 0% used [0x00000000eb980000,0x00000000eb980000,0x00000000eba80000)
 ParOldGen       total 91136K, used 65151K [0x00000000c0000000, 0x00000000c5900000, 0x00000000eab00000)
  object space 91136K, 71% used [0x00000000c0000000,0x00000000c3f9fe10,0x00000000c5900000)
 Metaspace       used 69957K, committed 71424K, reserved 1114112K
  class space    used 7304K, committed 7936K, reserved 1048576K
}
Event: 102.364 GC heap before
{Heap before GC invocations=80 (full 4):
 PSYoungGen      total 14336K, used 13824K [0x00000000eab00000, 0x00000000eba80000, 0x0000000100000000)
  eden space 13824K, 100% used [0x00000000eab00000,0x00000000eb880000,0x00000000eb880000)
  from space 512K, 0% used [0x00000000eb900000,0x00000000eb900000,0x00000000eb980000)
  to   space 1024K, 0% used [0x00000000eb980000,0x00000000eb980000,0x00000000eba80000)
 ParOldGen       total 91136K, used 65151K [0x00000000c0000000, 0x00000000c5900000, 0x00000000eab00000)
  object space 91136K, 71% used [0x00000000c0000000,0x00000000c3f9fe10,0x00000000c5900000)
 Metaspace       used 70011K, committed 71424K, reserved 1114112K
  class space    used 7306K, committed 7936K, reserved 1048576K
}
Event: 102.384 GC heap after
{Heap after GC invocations=80 (full 4):
 PSYoungGen      total 14848K, used 992K [0x00000000eab00000, 0x00000000eba80000, 0x0000000100000000)
  eden space 13824K, 0% used [0x00000000eab00000,0x00000000eab00000,0x00000000eb880000)
  from space 1024K, 96% used [0x00000000eb980000,0x00000000eba78010,0x00000000eba80000)
  to   space 512K, 0% used [0x00000000eb900000,0x00000000eb900000,0x00000000eb980000)
 ParOldGen       total 91136K, used 67455K [0x00000000c0000000, 0x00000000c5900000, 0x00000000eab00000)
  object space 91136K, 74% used [0x00000000c0000000,0x00000000c41dfe20,0x00000000c5900000)
 Metaspace       used 70011K, committed 71424K, reserved 1114112K
  class space    used 7306K, committed 7936K, reserved 1048576K
}

