# JRE version: Java(TM) SE Runtime Environment (21.0.6+8) (build 21.0.6+8-LTS-188)
# Java VM: Java HotSpot(TM) 64-Bit Server VM (21.0.6+8-LTS-188, mixed mode, sharing, tiered, compressed oops, compressed class ptrs, g1 gc, windows-amd64)
GC Precious Log:
 CardTable entry size: 512
 Card Set container configuration: InlinePtr #cards 5 size 8 Array Of Cards #cards 12 size 40 Howl #buckets 4 coarsen threshold 1843 Howl Bitmap #cards 512 size 80 coarsen threshold 460 Card regions per heap region 1 cards per card region 2048
 CPUs: 4 total, 4 available
 Memory: 3460M
 Large Page Support: Disabled
 NUMA Support: Disabled
 Compressed Oops: Enabled (32-bit)
 Heap Region Size: 1M
 Heap Min Capacity: 8M
 Heap Initial Capacity: 56M
 Heap Max Capacity: 866M
 Pre-touch: Disabled
 Parallel Workers: 4
 Concurrent Workers: 1
 Concurrent Refinement Workers: 4
 Periodic GC: Disabled
Heap:
 garbage-first heap   total 125952K, used 76125K [0x00000000c9e00000, 0x0000000100000000)
  region size 1024K, 19 young (19456K), 4 survivors (4096K)
 Metaspace       used 33979K, committed 34496K, reserved 1114112K
  class space    used 3783K, committed 4032K, reserved 1048576K
GC Heap History (20 events):
Event: 9.787 GC heap before
{Heap before GC invocations=11 (full 0):
 garbage-first heap   total 73728K, used 59828K [0x00000000c9e00000, 0x0000000100000000)
  region size 1024K, 25 young (25600K), 5 survivors (5120K)
 Metaspace       used 27366K, committed 27712K, reserved 1114112K
  class space    used 3071K, committed 3200K, reserved 1048576K
}
Event: 9.806 GC heap after
{Heap after GC invocations=12 (full 0):
 garbage-first heap   total 73728K, used 44032K [0x00000000c9e00000, 0x0000000100000000)
  region size 1024K, 4 young (4096K), 4 survivors (4096K)
 Metaspace       used 27366K, committed 27712K, reserved 1114112K
  class space    used 3071K, committed 3200K, reserved 1048576K
}
Event: 10.389 GC heap before
{Heap before GC invocations=12 (full 0):
 garbage-first heap   total 73728K, used 61440K [0x00000000c9e00000, 0x0000000100000000)
  region size 1024K, 22 young (22528K), 4 survivors (4096K)
 Metaspace       used 28333K, committed 28736K, reserved 1114112K
  class space    used 3180K, committed 3328K, reserved 1048576K
}
Event: 10.400 GC heap after
{Heap after GC invocations=13 (full 0):
 garbage-first heap   total 73728K, used 45271K [0x00000000c9e00000, 0x0000000100000000)
  region size 1024K, 1 young (1024K), 1 survivors (1024K)
 Metaspace       used 28333K, committed 28736K, reserved 1114112K
  class space    used 3180K, committed 3328K, reserved 1048576K
}
Event: 11.509 GC heap before
{Heap before GC invocations=14 (full 0):
 garbage-first heap   total 81920K, used 62679K [0x00000000c9e00000, 0x0000000100000000)
  region size 1024K, 19 young (19456K), 1 survivors (1024K)
 Metaspace       used 29503K, committed 29952K, reserved 1114112K
  class space    used 3310K, committed 3520K, reserved 1048576K
}
Event: 11.514 GC heap after
{Heap after GC invocations=15 (full 0):
 garbage-first heap   total 81920K, used 45531K [0x00000000c9e00000, 0x0000000100000000)
  region size 1024K, 1 young (1024K), 1 survivors (1024K)
 Metaspace       used 29503K, committed 29952K, reserved 1114112K
  class space    used 3310K, committed 3520K, reserved 1048576K
}
Event: 12.526 GC heap before
{Heap before GC invocations=15 (full 0):
 garbage-first heap   total 81920K, used 77275K [0x00000000c9e00000, 0x0000000100000000)
  region size 1024K, 26 young (26624K), 1 survivors (1024K)
 Metaspace       used 30260K, committed 30720K, reserved 1114112K
  class space    used 3401K, committed 3584K, reserved 1048576K
}
Event: 12.540 GC heap after
{Heap after GC invocations=16 (full 0):
 garbage-first heap   total 84992K, used 52528K [0x00000000c9e00000, 0x0000000100000000)
  region size 1024K, 4 young (4096K), 4 survivors (4096K)
 Metaspace       used 30260K, committed 30720K, reserved 1114112K
  class space    used 3401K, committed 3584K, reserved 1048576K
}
Event: 12.692 GC heap before
{Heap before GC invocations=16 (full 0):
 garbage-first heap   total 84992K, used 57648K [0x00000000c9e00000, 0x0000000100000000)
  region size 1024K, 11 young (11264K), 4 survivors (4096K)
 Metaspace       used 30311K, committed 30720K, reserved 1114112K
  class space    used 3402K, committed 3584K, reserved 1048576K
}
Event: 12.706 GC heap after
{Heap after GC invocations=17 (full 0):
 garbage-first heap   total 84992K, used 55803K [0x00000000c9e00000, 0x0000000100000000)
  region size 1024K, 3 young (3072K), 3 survivors (3072K)
 Metaspace       used 30311K, committed 30720K, reserved 1114112K
  class space    used 3402K, committed 3584K, reserved 1048576K
}
Event: 13.007 GC heap before
{Heap before GC invocations=18 (full 0):
 garbage-first heap   total 101376K, used 66043K [0x00000000c9e00000, 0x0000000100000000)
  region size 1024K, 18 young (18432K), 3 survivors (3072K)
 Metaspace       used 30321K, committed 30720K, reserved 1114112K
  class space    used 3402K, committed 3584K, reserved 1048576K
}
Event: 13.021 GC heap after
{Heap after GC invocations=19 (full 0):
 garbage-first heap   total 101376K, used 56832K [0x00000000c9e00000, 0x0000000100000000)
  region size 1024K, 3 young (3072K), 3 survivors (3072K)
 Metaspace       used 30321K, committed 30720K, reserved 1114112K
  class space    used 3402K, committed 3584K, reserved 1048576K
}
Event: 13.638 GC heap before
{Heap before GC invocations=19 (full 0):
 garbage-first heap   total 101376K, used 78336K [0x00000000c9e00000, 0x0000000100000000)
  region size 1024K, 23 young (23552K), 3 survivors (3072K)
 Metaspace       used 30329K, committed 30720K, reserved 1114112K
  class space    used 3402K, committed 3584K, reserved 1048576K
}
Event: 13.655 GC heap after
{Heap after GC invocations=20 (full 0):
 garbage-first heap   total 101376K, used 56832K [0x00000000c9e00000, 0x0000000100000000)
  region size 1024K, 3 young (3072K), 3 survivors (3072K)
 Metaspace       used 30329K, committed 30720K, reserved 1114112K
  class space    used 3402K, committed 3584K, reserved 1048576K
}
Event: 14.103 GC heap before
{Heap before GC invocations=20 (full 0):
 garbage-first heap   total 101376K, used 76288K [0x00000000c9e00000, 0x0000000100000000)
  region size 1024K, 23 young (23552K), 3 survivors (3072K)
 Metaspace       used 30383K, committed 30784K, reserved 1114112K
  class space    used 3404K, committed 3584K, reserved 1048576K
}
Event: 14.115 GC heap after
{Heap after GC invocations=21 (full 0):
 garbage-first heap   total 125952K, used 62464K [0x00000000c9e00000, 0x0000000100000000)
  region size 1024K, 3 young (3072K), 3 survivors (3072K)
 Metaspace       used 30383K, committed 30784K, reserved 1114112K
  class space    used 3404K, committed 3584K, reserved 1048576K
}
Event: 15.519 GC heap before
{Heap before GC invocations=22 (full 0):
 garbage-first heap   total 125952K, used 91136K [0x00000000c9e00000, 0x0000000100000000)
  region size 1024K, 33 young (33792K), 3 survivors (3072K)
 Metaspace       used 30113K, committed 30528K, reserved 1114112K
  class space    used 3362K, committed 3520K, reserved 1048576K
}
Event: 15.532 GC heap after
{Heap after GC invocations=23 (full 0):
 garbage-first heap   total 125952K, used 62782K [0x00000000c9e00000, 0x0000000100000000)
  region size 1024K, 2 young (2048K), 2 survivors (2048K)
 Metaspace       used 30113K, committed 30528K, reserved 1114112K
  class space    used 3362K, committed 3520K, reserved 1048576K
}
Event: 16.653 GC heap before
{Heap before GC invocations=23 (full 0):
 garbage-first heap   total 125952K, used 95550K [0x00000000c9e00000, 0x0000000100000000)
  region size 1024K, 34 young (34816K), 2 survivors (2048K)
 Metaspace       used 32202K, committed 32704K, reserved 1114112K
  class space    used 3574K, committed 3776K, reserved 1048576K
}
Event: 16.669 GC heap after
{Heap after GC invocations=24 (full 0):
 garbage-first heap   total 125952K, used 61789K [0x00000000c9e00000, 0x0000000100000000)
  region size 1024K, 4 young (4096K), 4 survivors (4096K)
 Metaspace       used 32202K, committed 32704K, reserved 1114112K
  class space    used 3574K, committed 3776K, reserved 1048576K
}

